<?xml version="1.0" encoding="UTF-8"?>
<robot generator="Robot 7.2.2 (Python 3.12.6 on win32)" generated="2025-03-13T16:50:00.767277" rpa="false" schemaversion="5">
<suite id="s1" name="Marcin-It" source="C:\IT\GIT\marcin-it">
<suite id="s1-s1" name="RobotFramework" source="C:\IT\GIT\marcin-it\RobotFramework">
<suite id="s1-s1-s1" name="Test" source="C:\IT\GIT\marcin-it\RobotFramework\test.robot">
<test id="s1-s1-s1-t1" name="My_test4" line="39">
<kw name="Open Browser" owner="SeleniumLibrary">
<msg time="2025-03-13T16:50:01.032336" level="INFO">Opening browser 'chrome' to base url 'https://czarnijaslo.pl/'.</msg>
<arg>https://czarnijaslo.pl/</arg>
<arg>chrome</arg>
<doc>Opens a new browser instance to the optional ``url``.</doc>
<status status="PASS" start="2025-03-13T16:50:01.031337" elapsed="3.033970"/>
</kw>
<kw name="Maximize Browser Window" owner="SeleniumLibrary">
<doc>Maximizes current browser window.</doc>
<status status="PASS" start="2025-03-13T16:50:04.066307" elapsed="0.066015"/>
</kw>
<kw name="Wait Until Location Is" owner="SeleniumLibrary">
<arg>https://czarnijaslo.pl/</arg>
<doc>Waits until the current URL is ``expected``.</doc>
<status status="PASS" start="2025-03-13T16:50:04.133324" elapsed="0.038007"/>
</kw>
<kw name="Click Element" owner="SeleniumLibrary">
<msg time="2025-03-13T16:50:04.173331" level="INFO">Clicking element 'css=#menu-menu-3 .menu-item-626'.</msg>
<msg time="2025-03-13T16:50:04.708813" level="INFO" html="true">&lt;/td&gt;&lt;/tr&gt;&lt;tr&gt;&lt;td colspan="3"&gt;&lt;a href="selenium-screenshot-30.png"&gt;&lt;img src="selenium-screenshot-30.png" width="800px"&gt;&lt;/a&gt;</msg>
<msg time="2025-03-13T16:50:04.708813" level="FAIL">StaleElementReferenceException: Message: stale element reference: stale element not found in the current frame
  (Session info: chrome=134.0.6998.89); For documentation on this error, please visit: https://www.selenium.dev/documentation/webdriver/troubleshooting/errors#stale-element-reference-exception
Stacktrace:
	GetHandleVerifier [0x00007FF6C17FFE45+26629]
	(No symbol) [0x00007FF6C1766010]
	(No symbol) [0x00007FF6C15F931A]
	(No symbol) [0x00007FF6C1600C7C]
	(No symbol) [0x00007FF6C1603A3C]
	(No symbol) [0x00007FF6C1603B0F]
	(No symbol) [0x00007FF6C1651DB7]
	(No symbol) [0x00007FF6C1650EC1]
	(No symbol) [0x00007FF6C16428A4]
	(No symbol) [0x00007FF6C1677AAA]
	(No symbol) [0x00007FF6C1642156]
	(No symbol) [0x00007FF6C1677CC0]
	(No symbol) [0x00007FF6C16A0169]
	(No symbol) [0x00007FF6C1677883]
	(No symbol) [0x00007FF6C1640550]
	(No symbol) [0x00007FF6C1641803]
	GetHandleVerifier [0x00007FF6C1B572BD+3529853]
	GetHandleVerifier [0x00007FF6C1B6DA22+3621858]
	GetHandleVerifier [0x00007FF6C1B624D3+3575443]
	GetHandleVerifier [0x00007FF6C18CB77A+860474]
	(No symbol) [0x00007FF6C177088F]
	(No symbol) [0x00007FF6C176CBC4]
	(No symbol) [0x00007FF6C176CD66]
	(No symbol) [0x00007FF6C175C2C9]
	BaseThreadInitThunk [0x00007FF886977374+20]
	RtlUserThreadStart [0x00007FF886C7CC91+33]
</msg>
<arg>css=#menu-menu-3 .menu-item-626</arg>
<doc>Click the element identified by ``locator``.</doc>
<status status="FAIL" start="2025-03-13T16:50:04.172332" elapsed="0.540483">StaleElementReferenceException: Message: stale element reference: stale element not found in the current frame
  (Session info: chrome=134.0.6998.89); For documentation on this error, please visit: https://www.selenium.dev/documentation/webdriver/troubleshooting/errors#stale-element-reference-exception
Stacktrace:
	GetHandleVerifier [0x00007FF6C17FFE45+26629]
	(No symbol) [0x00007FF6C1766010]
	(No symbol) [0x00007FF6C15F931A]
	(No symbol) [0x00007FF6C1600C7C]
	(No symbol) [0x00007FF6C1603A3C]
	(No symbol) [0x00007FF6C1603B0F]
	(No symbol) [0x00007FF6C1651DB7]
	(No symbol) [0x00007FF6C1650EC1]
	(No symbol) [0x00007FF6C16428A4]
	(No symbol) [0x00007FF6C1677AAA]
	(No symbol) [0x00007FF6C1642156]
	(No symbol) [0x00007FF6C1677CC0]
	(No symbol) [0x00007FF6C16A0169]
	(No symbol) [0x00007FF6C1677883]
	(No symbol) [0x00007FF6C1640550]
	(No symbol) [0x00007FF6C1641803]
	GetHandleVerifier [0x00007FF6C1B572BD+3529853]
	GetHandleVerifier [0x00007FF6C1B6DA22+3621858]
	GetHandleVerifier [0x00007FF6C1B624D3+3575443]
	GetHandleVerifier [0x00007FF6C18CB77A+860474]
	(No symbol) [0x00007FF6C177088F]
	(No symbol) [0x00007FF6C176CBC4]
	(No symbol) [0x00007FF6C176CD66]
	(No symbol) [0x00007FF6C175C2C9]
	BaseThreadInitThunk [0x00007FF886977374+20]
	RtlUserThreadStart [0x00007FF886C7CC91+33]
</status>
</kw>
<kw name="Wait Until Location Is" owner="SeleniumLibrary">
<arg>https://czarnijaslo.pl/category/klub-100/</arg>
<doc>Waits until the current URL is ``expected``.</doc>
<status status="NOT RUN" start="2025-03-13T16:50:04.712815" elapsed="0.000999"/>
</kw>
<kw name="Click Element" owner="SeleniumLibrary">
<arg>css=.td-read-more:first-child</arg>
<doc>Click the element identified by ``locator``.</doc>
<status status="NOT RUN" start="2025-03-13T16:50:04.713814" elapsed="0.000000"/>
</kw>
<kw name="Go Back" owner="SeleniumLibrary">
<doc>Simulates the user clicking the back button on their browser.</doc>
<status status="NOT RUN" start="2025-03-13T16:50:04.713814" elapsed="0.000000"/>
</kw>
<kw name="Close Browser" owner="SeleniumLibrary">
<doc>Closes the current browser.</doc>
<status status="NOT RUN" start="2025-03-13T16:50:04.714814" elapsed="0.000000"/>
</kw>
<status status="FAIL" start="2025-03-13T16:50:01.030335" elapsed="3.684479">StaleElementReferenceException: Message: stale element reference: stale element not found in the current frame
  (Session info: chrome=134.0.6998.89); For documentation on this error, please visit: https://www.selenium.dev/documentation/webdriver/troubleshooting/errors#stale-element-reference-exception
Stacktrace:
	GetHandleVerifier [0x00007FF6C17FFE45+26629]
	(No symbol) [0x00007FF6C1766010]
	(No symbol) [0x00007FF6C15F931A]
	(No symbol) [0x00007FF6C1600C7C]
	(No symbol) [0x00007FF6C1603A3C]
	(No symbol) [0x00007FF6C1603B0F]
	(No symbol) [0x00007FF6C1651DB7]
	(No symbol) [0x00007FF6C1650EC1]
	(No symbol) [0x00007FF6C16428A4]
	(No symbol) [0x00007FF6C1677AAA]
	(No symbol) [0x00007FF6C1642156]
	(No symbol) [0x00007FF6C1677CC0]
	(No symbol) [0x00007FF6C16A0169]
	(No symbol) [0x00007FF6C1677883]
	(No symbol) [0x00007FF6C1640550]
	(No symbol) [0x00007FF6C1641803]
	GetHandleVerifier [0x00007FF6C1B572BD+3529853]
	GetHandleVerifier [0x00007FF6C1B6DA22+3621858]
	GetHandleVerifier [0x00007FF6C1B624D3+3575443]
	GetHandleVerifier [0x00007FF6C18CB77A+860474]
	(No symbol) [0x00007FF6C177088F]
	(No symbol) [0x00007FF6C176CBC4]
	(No symbol) [0x00007FF6C176CD66]
	(No symbol) [0x00007FF6C175C2C9]
	BaseThreadInitThunk [0x00007FF886977374+20]
	RtlUserThreadStart [0x00007FF886C7CC91+33]
</status>
</test>
<status status="FAIL" start="2025-03-13T16:50:00.797283" elapsed="3.920532"/>
</suite>
<status status="FAIL" start="2025-03-13T16:50:00.795282" elapsed="3.924534"/>
</suite>
<status status="FAIL" start="2025-03-13T16:50:00.773277" elapsed="3.947538"/>
</suite>
<statistics>
<total>
<stat pass="0" fail="1" skip="0">All Tests</stat>
</total>
<tag>
</tag>
<suite>
<stat name="Marcin-It" id="s1" pass="0" fail="1" skip="0">Marcin-It</stat>
<stat name="RobotFramework" id="s1-s1" pass="0" fail="1" skip="0">Marcin-It.RobotFramework</stat>
<stat name="Test" id="s1-s1-s1" pass="0" fail="1" skip="0">Marcin-It.RobotFramework.Test</stat>
</suite>
</statistics>
<errors>
</errors>
</robot>
